  ColliderBox.cpp
  Animation.cpp
  Shader.cpp
  Texture.cpp
  Window.cpp
C:\Users\nahue\Desktop\Things\Engines\SE\SE\Source\Graphics\Window.cpp(39,20): warning C4244: '=': conversion from 'time_t' to 'int', possible loss of data
C:\Users\nahue\Desktop\Things\Engines\SE\SE\Source\Graphics\Window.cpp(87,23): warning C4244: '=': conversion from 'time_t' to 'int', possible loss of data
  Vector2D.cpp
  Running Code Analysis for C/C++...
     Creating library C:\Users\nahue\Desktop\Things\Engines\SE\Bin\Release-x64\SE\SE.lib and object C:\Users\nahue\Desktop\Things\Engines\SE\Bin\Release-x64\SE\SE.exp
LINK : warning LNK4098: defaultlib 'LIBCMT' conflicts with use of other libs; use /NODEFAULTLIB:library
  Generating code
  Previous IPDB not found, fall back to full compilation.
  All 177 functions were compiled because no usable IPDB/IOBJ from previous compilation was found.
  Finished generating code
glew32s.lib(glew.obj) : warning LNK4099: PDB 'vc120.pdb' was not found with 'glew32s.lib(glew.obj)' or at 'C:\Users\nahue\Desktop\Things\Engines\SE\Bin\Release-x64\SE\vc120.pdb'; linking object as if no debug info
  SE.vcxproj -> C:\Users\nahue\Desktop\Things\Engines\SE\Bin\Release-x64\SE\SE.dll
C:\Users\nahue\Desktop\Things\Engines\SE\SE\Source\Vendor\stb_image\stb_image.h(1014): warning C26451: Arithmetic overflow: Using operator '+' on a 4 byte value and then casting the result to a 8 byte value. Cast the value to the wider type before calling operator '+' to avoid overflow (io.2).
C:\Users\nahue\Desktop\Things\Engines\SE\SE\Source\Vendor\stb_image\stb_image.h(1014): warning C26451: Arithmetic overflow: Using operator '*' on a 4 byte value and then casting the result to a 8 byte value. Cast the value to the wider type before calling operator '*' to avoid overflow (io.2).
C:\Users\nahue\Desktop\Things\Engines\SE\SE\Source\Vendor\stb_image\stb_image.h(1021): warning C26451: Arithmetic overflow: Using operator '+' on a 4 byte value and then casting the result to a 8 byte value. Cast the value to the wider type before calling operator '+' to avoid overflow (io.2).
C:\Users\nahue\Desktop\Things\Engines\SE\SE\Source\Vendor\stb_image\stb_image.h(1021): warning C26451: Arithmetic overflow: Using operator '*' on a 4 byte value and then casting the result to a 8 byte value. Cast the value to the wider type before calling operator '*' to avoid overflow (io.2).
C:\Users\nahue\Desktop\Things\Engines\SE\SE\Source\Vendor\stb_image\stb_image.h(1021): warning C26451: Arithmetic overflow: Using operator '*' on a 4 byte value and then casting the result to a 8 byte value. Cast the value to the wider type before calling operator '*' to avoid overflow (io.2).
C:\Users\nahue\Desktop\Things\Engines\SE\SE\Source\Vendor\stb_image\stb_image.h(1028): warning C26451: Arithmetic overflow: Using operator '+' on a 4 byte value and then casting the result to a 8 byte value. Cast the value to the wider type before calling operator '+' to avoid overflow (io.2).
C:\Users\nahue\Desktop\Things\Engines\SE\SE\Source\Vendor\stb_image\stb_image.h(1028): warning C26451: Arithmetic overflow: Using operator '*' on a 4 byte value and then casting the result to a 8 byte value. Cast the value to the wider type before calling operator '*' to avoid overflow (io.2).
C:\Users\nahue\Desktop\Things\Engines\SE\SE\Source\Vendor\stb_image\stb_image.h(1028): warning C26451: Arithmetic overflow: Using operator '*' on a 4 byte value and then casting the result to a 8 byte value. Cast the value to the wider type before calling operator '*' to avoid overflow (io.2).
C:\Users\nahue\Desktop\Things\Engines\SE\SE\Source\Vendor\stb_image\stb_image.h(1028): warning C26451: Arithmetic overflow: Using operator '*' on a 4 byte value and then casting the result to a 8 byte value. Cast the value to the wider type before calling operator '*' to avoid overflow (io.2).
C:\Users\nahue\Desktop\Things\Engines\SE\SE\Source\Vendor\stb_image\stb_image.h(1152): warning C26451: Arithmetic overflow: Using operator '*' on a 4 byte value and then casting the result to a 8 byte value. Cast the value to the wider type before calling operator '*' to avoid overflow (io.2).
C:\Users\nahue\Desktop\Things\Engines\SE\SE\Source\Vendor\stb_image\stb_image.h(1171): warning C26451: Arithmetic overflow: Using operator '-' on a 4 byte value and then casting the result to a 8 byte value. Cast the value to the wider type before calling operator '-' to avoid overflow (io.2).
C:\Users\nahue\Desktop\Things\Engines\SE\SE\Source\Vendor\stb_image\stb_image.h(1171): warning C26451: Arithmetic overflow: Using operator '-' on a 4 byte value and then casting the result to a 8 byte value. Cast the value to the wider type before calling operator '-' to avoid overflow (io.2).
C:\Users\nahue\Desktop\Things\Engines\SE\SE\Source\Vendor\stb_image\stb_image.h(1711): warning C26451: Arithmetic overflow: Using operator '*' on a 4 byte value and then casting the result to a 8 byte value. Cast the value to the wider type before calling operator '*' to avoid overflow (io.2).
C:\Users\nahue\Desktop\Things\Engines\SE\SE\Source\Vendor\stb_image\stb_image.h(1711): warning C26451: Arithmetic overflow: Using operator '*' on a 4 byte value and then casting the result to a 8 byte value. Cast the value to the wider type before calling operator '*' to avoid overflow (io.2).
C:\Users\nahue\Desktop\Things\Engines\SE\SE\Source\Vendor\stb_image\stb_image.h(1712): warning C26451: Arithmetic overflow: Using operator '*' on a 4 byte value and then casting the result to a 8 byte value. Cast the value to the wider type before calling operator '*' to avoid overflow (io.2).
C:\Users\nahue\Desktop\Things\Engines\SE\SE\Source\Vendor\stb_image\stb_image.h(1712): warning C26451: Arithmetic overflow: Using operator '*' on a 4 byte value and then casting the result to a 8 byte value. Cast the value to the wider type before calling operator '*' to avoid overflow (io.2).
C:\Users\nahue\Desktop\Things\Engines\SE\SE\Source\Vendor\stb_image\stb_image.h(1761): warning C26451: Arithmetic overflow: Using operator '*' on a 4 byte value and then casting the result to a 8 byte value. Cast the value to the wider type before calling operator '*' to avoid overflow (io.2).
C:\Users\nahue\Desktop\Things\Engines\SE\SE\Source\Vendor\stb_image\stb_image.h(1761): warning C26451: Arithmetic overflow: Using operator '*' on a 4 byte value and then casting the result to a 8 byte value. Cast the value to the wider type before calling operator '*' to avoid overflow (io.2).
C:\Users\nahue\Desktop\Things\Engines\SE\SE\Source\Vendor\stb_image\stb_image.h(1761): warning C26451: Arithmetic overflow: Using operator '*' on a 4 byte value and then casting the result to a 8 byte value. Cast the value to the wider type before calling operator '*' to avoid overflow (io.2).
C:\Users\nahue\Desktop\Things\Engines\SE\SE\Source\Vendor\stb_image\stb_image.h(1768): warning C26451: Arithmetic overflow: Using operator '*' on a 4 byte value and then casting the result to a 8 byte value. Cast the value to the wider type before calling operator '*' to avoid overflow (io.2).
C:\Users\nahue\Desktop\Things\Engines\SE\SE\Source\Vendor\stb_image\stb_image.h(1768): warning C26451: Arithmetic overflow: Using operator '*' on a 4 byte value and then casting the result to a 8 byte value. Cast the value to the wider type before calling operator '*' to avoid overflow (io.2).
C:\Users\nahue\Desktop\Things\Engines\SE\SE\Source\Vendor\stb_image\stb_image.h(1769): warning C26451: Arithmetic overflow: Using operator '*' on a 4 byte value and then casting the result to a 8 byte value. Cast the value to the wider type before calling operator '*' to avoid overflow (io.2).
C:\Users\nahue\Desktop\Things\Engines\SE\SE\Source\Vendor\stb_image\stb_image.h(1769): warning C26451: Arithmetic overflow: Using operator '*' on a 4 byte value and then casting the result to a 8 byte value. Cast the value to the wider type before calling operator '*' to avoid overflow (io.2).
C:\Users\nahue\Desktop\Things\Engines\SE\SE\Source\Vendor\stb_image\stb_image.h(2963): warning C26451: Arithmetic overflow: Using operator '*' on a 4 byte value and then casting the result to a 8 byte value. Cast the value to the wider type before calling operator '*' to avoid overflow (io.2).
C:\Users\nahue\Desktop\Things\Engines\SE\SE\Source\Vendor\stb_image\stb_image.h(2996): warning C26451: Arithmetic overflow: Using operator '*' on a 4 byte value and then casting the result to a 8 byte value. Cast the value to the wider type before calling operator '*' to avoid overflow (io.2).
C:\Users\nahue\Desktop\Things\Engines\SE\SE\Source\Vendor\stb_image\stb_image.h(2906): warning C26451: Arithmetic overflow: Using operator '*' on a 4 byte value and then casting the result to a 8 byte value. Cast the value to the wider type before calling operator '*' to avoid overflow (io.2).
C:\Users\nahue\Desktop\Things\Engines\SE\SE\Source\Vendor\stb_image\stb_image.h(2906): warning C26451: Arithmetic overflow: Using operator '*' on a 4 byte value and then casting the result to a 8 byte value. Cast the value to the wider type before calling operator '*' to avoid overflow (io.2).
C:\Users\nahue\Desktop\Things\Engines\SE\SE\Source\Vendor\stb_image\stb_image.h(2906): warning C26451: Arithmetic overflow: Using operator '*' on a 4 byte value and then casting the result to a 8 byte value. Cast the value to the wider type before calling operator '*' to avoid overflow (io.2).
C:\Users\nahue\Desktop\Things\Engines\SE\SE\Source\Vendor\stb_image\stb_image.h(2935): warning C26451: Arithmetic overflow: Using operator '*' on a 4 byte value and then casting the result to a 8 byte value. Cast the value to the wider type before calling operator '*' to avoid overflow (io.2).
C:\Users\nahue\Desktop\Things\Engines\SE\SE\Source\Vendor\stb_image\stb_image.h(3033): warning C26451: Arithmetic overflow: Using operator '*' on a 4 byte value and then casting the result to a 8 byte value. Cast the value to the wider type before calling operator '*' to avoid overflow (io.2).
C:\Users\nahue\Desktop\Things\Engines\SE\SE\Source\Vendor\stb_image\stb_image.h(3035): warning C26451: Arithmetic overflow: Using operator '*' on a 4 byte value and then casting the result to a 8 byte value. Cast the value to the wider type before calling operator '*' to avoid overflow (io.2).
C:\Users\nahue\Desktop\Things\Engines\SE\SE\Source\Vendor\stb_image\stb_image.h(3035): warning C26451: Arithmetic overflow: Using operator '*' on a 4 byte value and then casting the result to a 8 byte value. Cast the value to the wider type before calling operator '*' to avoid overflow (io.2).
C:\Users\nahue\Desktop\Things\Engines\SE\SE\Source\Vendor\stb_image\stb_image.h(3035): warning C26451: Arithmetic overflow: Using operator '*' on a 4 byte value and then casting the result to a 8 byte value. Cast the value to the wider type before calling operator '*' to avoid overflow (io.2).
C:\Users\nahue\Desktop\Things\Engines\SE\SE\Source\Vendor\stb_image\stb_image.h(3508): warning C26451: Arithmetic overflow: Using operator '*' on a 4 byte value and then casting the result to a 8 byte value. Cast the value to the wider type before calling operator '*' to avoid overflow (io.2).
C:\Users\nahue\Desktop\Things\Engines\SE\SE\Source\Vendor\stb_image\stb_image.h(3940): warning C6011: Dereferencing NULL pointer 'y'. 
C:\Users\nahue\Desktop\Things\Engines\SE\SE\Source\Vendor\stb_image\stb_image.h(3821): warning C26451: Arithmetic overflow: Using operator '+' on a 4 byte value and then casting the result to a 8 byte value. Cast the value to the wider type before calling operator '+' to avoid overflow (io.2).
C:\Users\nahue\Desktop\Things\Engines\SE\SE\Source\Vendor\stb_image\stb_image.h(3844): warning C26451: Arithmetic overflow: Using operator '*' on a 4 byte value and then casting the result to a 8 byte value. Cast the value to the wider type before calling operator '*' to avoid overflow (io.2).
C:\Users\nahue\Desktop\Things\Engines\SE\SE\Source\Vendor\stb_image\stb_image.h(3844): warning C26451: Arithmetic overflow: Using operator '*' on a 4 byte value and then casting the result to a 8 byte value. Cast the value to the wider type before calling operator '*' to avoid overflow (io.2).
C:\Users\nahue\Desktop\Things\Engines\SE\SE\Source\Vendor\stb_image\stb_image.h(4608): warning C26451: Arithmetic overflow: Using operator '*' on a 4 byte value and then casting the result to a 8 byte value. Cast the value to the wider type before calling operator '*' to avoid overflow (io.2).
C:\Users\nahue\Desktop\Things\Engines\SE\SE\Source\Vendor\stb_image\stb_image.h(4617): warning C26451: Arithmetic overflow: Using operator '*' on a 4 byte value and then casting the result to a 8 byte value. Cast the value to the wider type before calling operator '*' to avoid overflow (io.2).
C:\Users\nahue\Desktop\Things\Engines\SE\SE\Source\Vendor\stb_image\stb_image.h(4700): warning C26451: Arithmetic overflow: Using operator '*' on a 4 byte value and then casting the result to a 8 byte value. Cast the value to the wider type before calling operator '*' to avoid overflow (io.2).
C:\Users\nahue\Desktop\Things\Engines\SE\SE\Source\Vendor\stb_image\stb_image.h(4713): warning C26451: Arithmetic overflow: Using operator '*' on a 4 byte value and then casting the result to a 8 byte value. Cast the value to the wider type before calling operator '*' to avoid overflow (io.2).
C:\Users\nahue\Desktop\Things\Engines\SE\SE\Source\Vendor\stb_image\stb_image.h(4714): warning C26451: Arithmetic overflow: Using operator '*' on a 4 byte value and then casting the result to a 8 byte value. Cast the value to the wider type before calling operator '*' to avoid overflow (io.2).
C:\Users\nahue\Desktop\Things\Engines\SE\SE\Source\Vendor\stb_image\stb_image.h(4714): warning C26451: Arithmetic overflow: Using operator '*' on a 4 byte value and then casting the result to a 8 byte value. Cast the value to the wider type before calling operator '*' to avoid overflow (io.2).
C:\Users\nahue\Desktop\Things\Engines\SE\SE\Source\Vendor\stb_image\stb_image.h(4765): warning C26451: Arithmetic overflow: Using operator '*' on a 4 byte value and then casting the result to a 8 byte value. Cast the value to the wider type before calling operator '*' to avoid overflow (io.2).
C:\Users\nahue\Desktop\Things\Engines\SE\SE\Source\Vendor\stb_image\stb_image.h(4830): warning C26451: Arithmetic overflow: Using operator '*' on a 4 byte value and then casting the result to a 8 byte value. Cast the value to the wider type before calling operator '*' to avoid overflow (io.2).
C:\Users\nahue\Desktop\Things\Engines\SE\SE\Source\Vendor\stb_image\stb_image.h(4830): warning C26451: Arithmetic overflow: Using operator '*' on a 4 byte value and then casting the result to a 8 byte value. Cast the value to the wider type before calling operator '*' to avoid overflow (io.2).
C:\Users\nahue\Desktop\Things\Engines\SE\SE\Source\Vendor\stb_image\stb_image.h(4830): warning C26451: Arithmetic overflow: Using operator '*' on a 4 byte value and then casting the result to a 8 byte value. Cast the value to the wider type before calling operator '*' to avoid overflow (io.2).
C:\Users\nahue\Desktop\Things\Engines\SE\SE\Source\Vendor\stb_image\stb_image.h(4831): warning C26451: Arithmetic overflow: Using operator '*' on a 4 byte value and then casting the result to a 8 byte value. Cast the value to the wider type before calling operator '*' to avoid overflow (io.2).
C:\Users\nahue\Desktop\Things\Engines\SE\SE\Source\Vendor\stb_image\stb_image.h(4831): warning C26451: Arithmetic overflow: Using operator '+' on a 4 byte value and then casting the result to a 8 byte value. Cast the value to the wider type before calling operator '+' to avoid overflow (io.2).
C:\Users\nahue\Desktop\Things\Engines\SE\SE\Source\Vendor\stb_image\stb_image.h(4831): warning C26451: Arithmetic overflow: Using operator '*' on a 4 byte value and then casting the result to a 8 byte value. Cast the value to the wider type before calling operator '*' to avoid overflow (io.2).
C:\Users\nahue\Desktop\Things\Engines\SE\SE\Source\Vendor\stb_image\stb_image.h(5604): warning C26451: Arithmetic overflow: Using operator '*' on a 4 byte value and then casting the result to a 8 byte value. Cast the value to the wider type before calling operator '*' to avoid overflow (io.2).
C:\Users\nahue\Desktop\Things\Engines\SE\SE\Source\Vendor\stb_image\stb_image.h(5604): warning C26451: Arithmetic overflow: Using operator '*' on a 4 byte value and then casting the result to a 8 byte value. Cast the value to the wider type before calling operator '*' to avoid overflow (io.2).
C:\Users\nahue\Desktop\Things\Engines\SE\SE\Source\Vendor\stb_image\stb_image.h(5605): warning C26451: Arithmetic overflow: Using operator '*' on a 4 byte value and then casting the result to a 8 byte value. Cast the value to the wider type before calling operator '*' to avoid overflow (io.2).
C:\Users\nahue\Desktop\Things\Engines\SE\SE\Source\Vendor\stb_image\stb_image.h(5605): warning C26451: Arithmetic overflow: Using operator '*' on a 4 byte value and then casting the result to a 8 byte value. Cast the value to the wider type before calling operator '*' to avoid overflow (io.2).
C:\Users\nahue\Desktop\Things\Engines\SE\SE\Source\Vendor\stb_image\stb_image.h(5605): warning C26451: Arithmetic overflow: Using operator '-' on a 4 byte value and then casting the result to a 8 byte value. Cast the value to the wider type before calling operator '-' to avoid overflow (io.2).
C:\Users\nahue\Desktop\Things\Engines\SE\SE\Source\Vendor\stb_image\stb_image.h(5828): warning C26451: Arithmetic overflow: Using operator '*' on a 4 byte value and then casting the result to a 8 byte value. Cast the value to the wider type before calling operator '*' to avoid overflow (io.2).
C:\Users\nahue\Desktop\Things\Engines\SE\SE\Source\Vendor\stb_image\stb_image.h(5828): warning C26451: Arithmetic overflow: Using operator '*' on a 4 byte value and then casting the result to a 8 byte value. Cast the value to the wider type before calling operator '*' to avoid overflow (io.2).
C:\Users\nahue\Desktop\Things\Engines\SE\SE\Source\Vendor\stb_image\stb_image.h(6105): warning C26451: Arithmetic overflow: Using operator '*' on a 4 byte value and then casting the result to a 8 byte value. Cast the value to the wider type before calling operator '*' to avoid overflow (io.2).
C:\Users\nahue\Desktop\Things\Engines\SE\SE\Source\Vendor\stb_image\stb_image.h(6105): warning C26451: Arithmetic overflow: Using operator '*' on a 4 byte value and then casting the result to a 8 byte value. Cast the value to the wider type before calling operator '*' to avoid overflow (io.2).
C:\Users\nahue\Desktop\Things\Engines\SE\SE\Source\Vendor\stb_image\stb_image.h(6193): warning C26451: Arithmetic overflow: Using operator '*' on a 4 byte value and then casting the result to a 8 byte value. Cast the value to the wider type before calling operator '*' to avoid overflow (io.2).
C:\Users\nahue\Desktop\Things\Engines\SE\SE\Source\Vendor\stb_image\stb_image.h(6206): warning C26451: Arithmetic overflow: Using operator '*' on a 4 byte value and then casting the result to a 8 byte value. Cast the value to the wider type before calling operator '*' to avoid overflow (io.2).
C:\Users\nahue\Desktop\Things\Engines\SE\SE\Source\Vendor\stb_image\stb_image.h(6331): warning C26451: Arithmetic overflow: Using operator '*' on a 4 byte value and then casting the result to a 8 byte value. Cast the value to the wider type before calling operator '*' to avoid overflow (io.2).
C:\Users\nahue\Desktop\Things\Engines\SE\SE\Source\Vendor\stb_image\stb_image.h(6331): warning C26451: Arithmetic overflow: Using operator '*' on a 4 byte value and then casting the result to a 8 byte value. Cast the value to the wider type before calling operator '*' to avoid overflow (io.2).
C:\Users\nahue\Desktop\Things\Engines\SE\SE\Source\Vendor\stb_image\stb_image.h(6435): warning C26451: Arithmetic overflow: Using operator '*' on a 4 byte value and then casting the result to a 8 byte value. Cast the value to the wider type before calling operator '*' to avoid overflow (io.2).
C:\Users\nahue\Desktop\Things\Engines\SE\SE\Source\Vendor\stb_image\stb_image.h(6435): warning C26451: Arithmetic overflow: Using operator '*' on a 4 byte value and then casting the result to a 8 byte value. Cast the value to the wider type before calling operator '*' to avoid overflow (io.2).
C:\Users\nahue\Desktop\Things\Engines\SE\SE\Source\Vendor\stb_image\stb_image.h(6705): warning C26451: Arithmetic overflow: Using operator '*' on a 4 byte value and then casting the result to a 8 byte value. Cast the value to the wider type before calling operator '*' to avoid overflow (io.2).
C:\Users\nahue\Desktop\Things\Engines\SE\SE\Source\Vendor\stb_image\stb_image.h(6706): warning C26451: Arithmetic overflow: Using operator '*' on a 4 byte value and then casting the result to a 8 byte value. Cast the value to the wider type before calling operator '*' to avoid overflow (io.2).
C:\Users\nahue\Desktop\Things\Engines\SE\SE\Source\Vendor\stb_image\stb_image.h(6714): warning C26451: Arithmetic overflow: Using operator '*' on a 4 byte value and then casting the result to a 8 byte value. Cast the value to the wider type before calling operator '*' to avoid overflow (io.2).
C:\Users\nahue\Desktop\Things\Engines\SE\SE\Source\Vendor\stb_image\stb_image.h(6715): warning C26451: Arithmetic overflow: Using operator '*' on a 4 byte value and then casting the result to a 8 byte value. Cast the value to the wider type before calling operator '*' to avoid overflow (io.2).
C:\Users\nahue\Desktop\Things\Engines\SE\SE\Source\Vendor\stb_image\stb_image.h(6751): warning C26451: Arithmetic overflow: Using operator '*' on a 4 byte value and then casting the result to a 8 byte value. Cast the value to the wider type before calling operator '*' to avoid overflow (io.2).
C:\Users\nahue\Desktop\Things\Engines\SE\SE\Source\Vendor\stb_image\stb_image.h(6751): warning C26451: Arithmetic overflow: Using operator '*' on a 4 byte value and then casting the result to a 8 byte value. Cast the value to the wider type before calling operator '*' to avoid overflow (io.2).
C:\Users\nahue\Desktop\Things\Engines\SE\SE\Source\Vendor\stb_image\stb_image.h(6755): warning C26451: Arithmetic overflow: Using operator '*' on a 4 byte value and then casting the result to a 8 byte value. Cast the value to the wider type before calling operator '*' to avoid overflow (io.2).
C:\Users\nahue\Desktop\Things\Engines\SE\SE\Source\Vendor\stb_image\stb_image.h(6912): warning C6308: 'realloc' might return null pointer: assigning null pointer to '*delays', which is passed as an argument to 'realloc', will cause the original memory block to be leaked.
C:\Users\nahue\Desktop\Things\Engines\SE\SE\Source\Vendor\stb_image\stb_image.h(6872): warning C6262: Function uses '35028' bytes of stack:  exceeds /analyze:stacksize '16384'.  Consider moving some data to heap.
C:\Users\nahue\Desktop\Things\Engines\SE\SE\Source\Vendor\stb_image\stb_image.h(6930): warning C28182: Dereferencing NULL pointer. '*delays' contains the same NULL value as 'realloc()`6912' did. 
C:\Users\nahue\Desktop\Things\Engines\SE\SE\Source\Vendor\stb_image\stb_image.h(6899): warning C26451: Arithmetic overflow: Using operator '*' on a 4 byte value and then casting the result to a 8 byte value. Cast the value to the wider type before calling operator '*' to avoid overflow (io.2).
C:\Users\nahue\Desktop\Things\Engines\SE\SE\Source\Vendor\stb_image\stb_image.h(6917): warning C26451: Arithmetic overflow: Using operator '*' on a 4 byte value and then casting the result to a 8 byte value. Cast the value to the wider type before calling operator '*' to avoid overflow (io.2).
C:\Users\nahue\Desktop\Things\Engines\SE\SE\Source\Vendor\stb_image\stb_image.h(6924): warning C26451: Arithmetic overflow: Using operator '*' on a 4 byte value and then casting the result to a 8 byte value. Cast the value to the wider type before calling operator '*' to avoid overflow (io.2).
C:\Users\nahue\Desktop\Things\Engines\SE\SE\Source\Vendor\stb_image\stb_image.h(6924): warning C26451: Arithmetic overflow: Using operator '-' on a 4 byte value and then casting the result to a 8 byte value. Cast the value to the wider type before calling operator '-' to avoid overflow (io.2).
C:\Users\nahue\Desktop\Things\Engines\SE\SE\Source\Vendor\stb_image\stb_image.h(6926): warning C26451: Arithmetic overflow: Using operator '*' on a 4 byte value and then casting the result to a 8 byte value. Cast the value to the wider type before calling operator '*' to avoid overflow (io.2).
C:\Users\nahue\Desktop\Things\Engines\SE\SE\Source\Vendor\stb_image\stb_image.h(6952): warning C6262: Function uses '34980' bytes of stack:  exceeds /analyze:stacksize '16384'.  Consider moving some data to heap.
C:\Users\nahue\Desktop\Things\Engines\SE\SE\Source\Vendor\stb_image\stb_image.h(7129): warning C26451: Arithmetic overflow: Using operator '*' on a 4 byte value and then casting the result to a 8 byte value. Cast the value to the wider type before calling operator '*' to avoid overflow (io.2).
C:\Users\nahue\Desktop\Things\Engines\SE\SE\Source\Vendor\stb_image\stb_image.h(7129): warning C26451: Arithmetic overflow: Using operator '*' on a 4 byte value and then casting the result to a 8 byte value. Cast the value to the wider type before calling operator '*' to avoid overflow (io.2).
C:\Users\nahue\Desktop\Things\Engines\SE\SE\Source\Vendor\stb_image\stb_image.h(7129): warning C26451: Arithmetic overflow: Using operator '*' on a 4 byte value and then casting the result to a 8 byte value. Cast the value to the wider type before calling operator '*' to avoid overflow (io.2).
C:\Users\nahue\Desktop\Things\Engines\SE\SE\Source\Vendor\stb_image\stb_image.h(7188): warning C26451: Arithmetic overflow: Using operator '*' on a 4 byte value and then casting the result to a 8 byte value. Cast the value to the wider type before calling operator '*' to avoid overflow (io.2).
C:\Users\nahue\Desktop\Things\Engines\SE\SE\Source\Vendor\stb_image\stb_image.h(7188): warning C26451: Arithmetic overflow: Using operator '+' on a 4 byte value and then casting the result to a 8 byte value. Cast the value to the wider type before calling operator '+' to avoid overflow (io.2).
C:\Users\nahue\Desktop\Things\Engines\SE\SE\Source\Vendor\stb_image\stb_image.h(7188): warning C26451: Arithmetic overflow: Using operator '*' on a 4 byte value and then casting the result to a 8 byte value. Cast the value to the wider type before calling operator '*' to avoid overflow (io.2).
C:\Users\nahue\Desktop\Things\Engines\SE\SE\Source\Vendor\stb_image\stb_image.h(7188): warning C26451: Arithmetic overflow: Using operator '*' on a 4 byte value and then casting the result to a 8 byte value. Cast the value to the wider type before calling operator '*' to avoid overflow (io.2).
