c:\users\nahue\desktop\things\engines\se\bin-int\debug-x64\se\vc142.pdb
c:\users\nahue\desktop\things\engines\se\bin-int\debug-x64\se\vc142.idb
c:\users\nahue\desktop\things\engines\se\bin-int\debug-x64\se\vector2d.nativecodeanalysis.sarif
c:\users\nahue\desktop\things\engines\se\bin-int\debug-x64\se\vector2d.nativecodeanalysis.xml
c:\users\nahue\desktop\things\engines\se\bin-int\debug-x64\se\window.nativecodeanalysis.sarif
c:\users\nahue\desktop\things\engines\se\bin-int\debug-x64\se\window.nativecodeanalysis.xml
c:\users\nahue\desktop\things\engines\se\bin-int\debug-x64\se\texture.nativecodeanalysis.sarif
c:\users\nahue\desktop\things\engines\se\bin-int\debug-x64\se\texture.nativecodeanalysis.xml
c:\users\nahue\desktop\things\engines\se\bin-int\debug-x64\se\shader.nativecodeanalysis.sarif
c:\users\nahue\desktop\things\engines\se\bin-int\debug-x64\se\shader.nativecodeanalysis.xml
c:\users\nahue\desktop\things\engines\se\bin-int\debug-x64\se\animation.nativecodeanalysis.sarif
c:\users\nahue\desktop\things\engines\se\bin-int\debug-x64\se\animation.nativecodeanalysis.xml
c:\users\nahue\desktop\things\engines\se\bin-int\debug-x64\se\colliderbox.nativecodeanalysis.sarif
c:\users\nahue\desktop\things\engines\se\bin-int\debug-x64\se\colliderbox.nativecodeanalysis.xml
c:\users\nahue\desktop\things\engines\se\bin-int\debug-x64\se\colliderbox.obj
c:\users\nahue\desktop\things\engines\se\bin-int\debug-x64\se\animation.obj
c:\users\nahue\desktop\things\engines\se\bin-int\debug-x64\se\shader.obj
c:\users\nahue\desktop\things\engines\se\bin-int\debug-x64\se\texture.obj
c:\users\nahue\desktop\things\engines\se\bin-int\debug-x64\se\window.obj
c:\users\nahue\desktop\things\engines\se\bin-int\debug-x64\se\vector2d.obj
c:\users\nahue\desktop\things\engines\se\bin\debug-x64\se\se.ilk
c:\users\nahue\desktop\things\engines\se\bin\debug-x64\se\se.dll
c:\users\nahue\desktop\things\engines\se\bin\debug-x64\se\se.pdb
c:\users\nahue\desktop\things\engines\se\bin\debug-x64\se\se.lib
c:\users\nahue\desktop\things\engines\se\bin\debug-x64\se\se.exp
c:\users\nahue\desktop\things\engines\se\bin-int\debug-x64\se\vc.nativecodeanalysis.all.xml
c:\users\nahue\desktop\things\engines\se\bin-int\debug-x64\se\se.tlog\cl.command.1.tlog
c:\users\nahue\desktop\things\engines\se\bin-int\debug-x64\se\se.tlog\cl.read.1.tlog
c:\users\nahue\desktop\things\engines\se\bin-int\debug-x64\se\se.tlog\cl.write.1.tlog
c:\users\nahue\desktop\things\engines\se\bin-int\debug-x64\se\se.tlog\link.command.1.tlog
c:\users\nahue\desktop\things\engines\se\bin-int\debug-x64\se\se.tlog\link.read.1.tlog
c:\users\nahue\desktop\things\engines\se\bin-int\debug-x64\se\se.tlog\link.write.1.tlog
c:\users\nahue\desktop\things\engines\se\bin-int\debug-x64\se\se.tlog\se.write.1u.tlog
